[01m[K/home/lucads/intelligent-machine-design-lab/irobot_ws/src/traj_interpolator/src/draw_traj.cpp:[m[K In member function â€˜[01m[Kvoid InterpolatorNode::moveStraight(double, double)[m[Kâ€™:
[01m[K/home/lucads/intelligent-machine-design-lab/irobot_ws/src/traj_interpolator/src/draw_traj.cpp:98:12:[m[K [01;31m[Kerror: [m[Kâ€˜[01m[Kelapsed_total_time[m[Kâ€™ was not declared in this scope; did you mean â€˜[01m[Kelapsed_time[m[Kâ€™?
   98 |     while ([01;31m[Kelapsed_total_time[m[K <= duration)
      |            [01;31m[K^~~~~~~~~~~~~~~~~~[m[K
      |            [32m[Kelapsed_time[m[K
[01m[K/home/lucads/intelligent-machine-design-lab/irobot_ws/src/traj_interpolator/src/draw_traj.cpp:96:12:[m[K [01;35m[Kwarning: [m[Kunused variable â€˜[01m[Kelapsed_time[m[Kâ€™ [[01;35m[K]8;;https://gcc.gnu.org/onlinedocs/gcc/Warning-Options.html#index-Wunused-variable-Wunused-variable]8;;[m[K]
   96 |     double [01;35m[Kelapsed_time[m[K = -1/FREQUENCY;
      |            [01;35m[K^~~~~~~~~~~~[m[K
gmake[2]: *** [CMakeFiles/traj_interpolator.dir/build.make:76: CMakeFiles/traj_interpolator.dir/src/draw_traj.cpp.o] Error 1
gmake[1]: *** [CMakeFiles/Makefile2:137: CMakeFiles/traj_interpolator.dir/all] Error 2
gmake: *** [Makefile:146: all] Error 2
